[Message:   BepInEx] BepInEx 5.4.15.0 - valheim (24-6-2021 02:06:51)
[Info   :   BepInEx] Running under Unity v2019.4.24.6137584
[Info   :   BepInEx] CLR runtime version: 4.0.30319.42000
[Info   :   BepInEx] Supports SRE: True
[Info   :   BepInEx] System platform: Bits64, Windows
[Message:   BepInEx] Preloader started
[Info   :   BepInEx] Loaded 1 patcher method from [BepInEx.Preloader 5.4.15.0]
[Info   :   BepInEx] Loaded 1 patcher method from [BepInEx.MonoMod.HookGenPatcher 1.2.0.0]
[Info   :   BepInEx] 2 patcher plugins loaded
[Info   :HookGenPatcher] Previous MMHOOK location found. Using that location to save instead.
[Info   :HookGenPatcher] Already ran for this version, reusing that file.
[Info   :HookGenPatcher] Previous MMHOOK location found. Using that location to save instead.
[Info   :HookGenPatcher] Already ran for this version, reusing that file.
[Info   :HookGenPatcher] Previous MMHOOK location found. Using that location to save instead.
[Info   :HookGenPatcher] Already ran for this version, reusing that file.
[Info   :HookGenPatcher] Previous MMHOOK location found. Using that location to save instead.
[Info   :HookGenPatcher] Already ran for this version, reusing that file.
[Info   :HookGenPatcher] Previous MMHOOK location found. Using that location to save instead.
[Info   :HookGenPatcher] Already ran for this version, reusing that file.
[Info   :HookGenPatcher] Previous MMHOOK location found. Using that location to save instead.
[Info   :HookGenPatcher] Already ran for this version, reusing that file.
[Info   :HookGenPatcher] Previous MMHOOK location found. Using that location to save instead.
[Info   :HookGenPatcher] Already ran for this version, reusing that file.
[Info   :HookGenPatcher] Previous MMHOOK location found. Using that location to save instead.
[Info   :HookGenPatcher] Already ran for this version, reusing that file.
[Info   :HookGenPatcher] Previous MMHOOK location found. Using that location to save instead.
[Info   :HookGenPatcher] Already ran for this version, reusing that file.
[Info   :   BepInEx] Patching [UnityEngine.CoreModule] with [BepInEx.Chainloader]
[Message:   BepInEx] Preloader finished
[Message:   BepInEx] Chainloader ready
[Message:   BepInEx] Chainloader started
[Info   :   BepInEx] 10 plugins to load
[Warning:   BepInEx] Plugin [Jotunn 2.3.7] targets a wrong version of BepInEx (5.4.16.0) and might not work until you update
[Info   :   BepInEx] Loading [PlantEverything 1.8.4]
[Info   : PlantEverything] Initialized Server Authoritative Config Manager.
[Info   :   BepInEx] Loading [Jotunn 2.3.7]
[Info   :    Jotunn] Initializing LocalizationManager
[Info   :    Jotunn] Initializing CommandManager
[Info   :    Jotunn] Initializing InputManager
[Info   :    Jotunn] Initializing SkillManager
[Info   :    Jotunn] Initializing PrefabManager
[Info   :    Jotunn] Initializing ItemManager
[Info   :    Jotunn] Initializing PieceManager
[Info   :    Jotunn] Initializing MockManager
[Info   :    Jotunn] Initializing KitbashManager
[Info   :    Jotunn] Initializing GUIManager
[Info   :    Jotunn] Initializing SynchronizationManager
[Info   :    Jotunn] Jötunn v2.3.7 loaded successfully
[Info   :   BepInEx] Loading [Digitalroot TripleBronzeJVL 1.1.0]
[Info   :   BepInEx] Loading [Smart Containers Mod 1.6.0]
[Info   :   BepInEx] Loading [QuickConnect 1.4.0]
[Info   :   BepInEx] Loading [Valheim Plus 0.9.9]
[Info   :Valheim Plus] Trying to load the configuration file
[Info   : Unity Log] Loading config section AdvancedBuildingMode
[Info   : Unity Log]  Section not enabled
[Info   : Unity Log] Loading config section AdvancedEditingMode
[Info   : Unity Log]  Section not enabled
[Info   : Unity Log] Loading config section Bed
[Info   : Unity Log]  Section not enabled
[Info   : Unity Log] Loading config section Beehive
[Info   : Unity Log]  Section not enabled
[Info   : Unity Log] Loading config section Building
[Info   : Unity Log]  Section not enabled
[Info   : Unity Log] Loading config section Deconstruct
[Info   : Unity Log]  Section not enabled
[Info   : Unity Log] Loading config section Inventory
[Info   : Unity Log]  Section not enabled
[Info   : Unity Log] Loading config section Items
[Info   : Unity Log]  Section not enabled
[Info   : Unity Log] Loading config section Fermenter
[Info   : Unity Log]  Section not enabled
[Info   : Unity Log] Loading config section FireSource
[Info   : Unity Log]  Section not enabled
[Info   : Unity Log] Loading config section Food
[Info   : Unity Log]  Section not enabled
[Info   : Unity Log] Loading config section Smelter
[Info   : Unity Log]  Section not enabled
[Info   : Unity Log] Loading config section Furnace
[Info   : Unity Log]  Section not enabled
[Info   : Unity Log] Loading config section Hotkeys
[Info   : Unity Log]  Section not enabled
[Info   : Unity Log] Loading config section Kiln
[Info   : Unity Log]  Section not enabled
[Info   : Unity Log] Loading config section Windmill
[Info   : Unity Log]  Section not enabled
[Info   : Unity Log] Loading config section SpinningWheel
[Info   : Unity Log]  Section not enabled
[Info   : Unity Log] Loading config section Map
[Info   : Unity Log]  Section not enabled
[Info   : Unity Log] Loading config section Player
[Info   : Unity Log]  Section not enabled
[Info   : Unity Log] Loading config section Server
[Info   : Unity Log]  Loading key maxPlayers
[Info   : Unity Log]  Loading key disableServerPassword
[Info   : Unity Log]  Loading key enforceMod
[Info   : Unity Log]  Loading key serverSyncsConfig
[Info   : Unity Log]  Loading key serverSyncHotkeys
[Info   : Unity Log] Loading config section Stamina
[Info   : Unity Log]  Section not enabled
[Info   : Unity Log] Loading config section StaminaUsage
[Info   : Unity Log]  Section not enabled
[Info   : Unity Log] Loading config section Workbench
[Info   : Unity Log]  Section not enabled
[Info   : Unity Log] Loading config section Time
[Info   : Unity Log]  Section not enabled
[Info   : Unity Log] Loading config section Ward
[Info   : Unity Log]  Section not enabled
[Info   : Unity Log] Loading config section StructuralIntegrity
[Info   : Unity Log]  Section not enabled
[Info   : Unity Log] Loading config section Tameable
[Info   : Unity Log]  Section not enabled
[Info   : Unity Log] Loading config section Hud
[Info   : Unity Log]  Section not enabled
[Info   : Unity Log] Loading config section Experience
[Info   : Unity Log]  Section not enabled
[Info   : Unity Log] Loading config section Camera
[Info   : Unity Log]  Section not enabled
[Info   : Unity Log] Loading config section Game
[Info   : Unity Log]  Section not enabled
[Info   : Unity Log] Loading config section Wagon
[Info   : Unity Log]  Section not enabled
[Info   : Unity Log] Loading config section Gathering
[Info   : Unity Log]  Section not enabled
[Info   : Unity Log] Loading config section Pickable
[Info   : Unity Log]  Section not enabled
[Info   : Unity Log] Loading config section Durability
[Info   : Unity Log]  Section not enabled
[Info   : Unity Log] Loading config section Armor
[Info   : Unity Log]  Section not enabled
[Info   : Unity Log] Loading config section FreePlacementRotation
[Info   : Unity Log]  Section not enabled
[Info   : Unity Log] Loading config section Shields
[Info   : Unity Log]  Section not enabled
[Info   : Unity Log] Loading config section FirstPerson
[Info   : Unity Log]  Section not enabled
[Info   : Unity Log] Loading config section GridAlignment
[Info   : Unity Log]  Section not enabled
[Info   : Unity Log] Loading config section CraftFromChest
[Info   : Unity Log]  Section not enabled
[Info   : Unity Log] Loading config section ValheimPlus
[Info   : Unity Log]  Loading key mainMenuLogo
[Info   : Unity Log]  Loading key serverBrowserAdvertisement
[Info   : Unity Log] Loading config section PlayerProjectile
[Info   : Unity Log]  Section not enabled
[Info   : Unity Log] Loading config section MonsterProjectile
[Info   : Unity Log]  Section not enabled
[Info   : Unity Log] Loading config section GameClock
[Info   : Unity Log]  Section not enabled
[Info   : Unity Log] Loading config section Brightness
[Info   : Unity Log]  Section not enabled
[Info   :Valheim Plus] Configuration file loaded succesfully.
[Info   :Valheim Plus] ValheimPlus [0.9.9] is up to date.
[Info   :   BepInEx] Loading [Display BepInEx Info In-Game 2.0.0]
[Info   :   BepInEx] Loading [Mod Config Enforcer 2.1.1]
[Info   :   BepInEx] Loading [Hold Attack 0.4.2]
[Info   :   BepInEx] Loading [ValheimAthleticsSkill 1.0.4]
[Info   : Unity Log] 10/12/2021 21:43:05: Loaded localization CSV:localization language:English

[Info   : Unity Log] 10/12/2021 21:43:05: Loaded localization CSV:localization_extra language:English

[Info   : Unity Log] 10/12/2021 21:43:05: Loaded localization CSV:localization language:English

[Info   : Unity Log] 10/12/2021 21:43:05: Loaded localization CSV:localization_extra language:English

[Message:   BepInEx] Chainloader startup complete
[Info   : Unity Log] 10/12/2021 21:43:05: Starting to load scene:start

[Info   :Smart Containers Mod] parsed PrefixedItemGroups : [trophy,mead,arrow,armor,cape,helmet,atgeir,bow,battleaxe,knife,mace,shield,sledge,spear,sword,tankard,club,mushroom] (18)
[Info   :Smart Containers Mod] parsed PostfixedItemGroups: [cone,seeds,pelt,hide,berries] (5)
[Info   :Smart Containers Mod] parsed items group 'berries': [blueberries,raspberries,cloudberries,honey] (4)
[Info   :Smart Containers Mod] parsed items group 'cookedMeat': [cookedloxmeat,necktailgrilled,meatcooked,fishcooked,serpentmeatcooked] (5)
[Info   :Smart Containers Mod] parsed items group 'food': [carrotsoup,sausages,queensjam,serpentstew,turnipstew,bloodpudding] (6)
[Info   :Smart Containers Mod] parsed items group 'ingots': [copper,bronze,flametal,iron,silver,tin,blackmetal] (7)
[Info   :Smart Containers Mod] parsed items group 'mushrooms': [mushroom,mushroomblue,mushroomyellow,mushroomcommon] (4)
[Info   :Smart Containers Mod] parsed items group 'ore': [copperore,flametalore,ironore,silverore,tinore,ironscrap,blackmetalscrap] (7)
[Info   :Smart Containers Mod] parsed items group 'rock': [stone,flint,obsidian] (3)
[Info   :Smart Containers Mod] parsed items group 'valuables': [ruby,coins,amber,amberpearl] (4)
[Info   :Smart Containers Mod] parsed items group 'vegetables': [carrot,turnip] (2)
[Info   :Smart Containers Mod] parsed items group 'wood': [wood,finewood,corewood,elderbark,roundlog] (5)
[Warning: Unity Log] Only custom filters can be played. Please add a custom filter or an audioclip to the audiosource (Amb_MainMenu).
[Info   : Unity Log] Version generator started.
[Info   : Unity Log] Version generated with enforced mod : 0.203.11@0.9.9
[Info   : Unity Log] 10/12/2021 21:43:11: Valheim version:0.203.11@0.9.9

[Info   : Unity Log] Version generator started.
[Info   : Unity Log] Version generated with enforced mod : 0.203.11@0.9.9
[Info   :Jotunn.Managers.CommandManager] Adding 1 commands to the Console
[Info   : Unity Log] 10/12/2021 21:43:11: Render threading mode:MultiThreaded

[Info   : Unity Log] Version generator started.
[Info   : Unity Log] Version generated with enforced mod : 0.203.11@0.9.9
[Info   : Unity Log] 10/12/2021 21:43:11: Using environment steamid 892970

[Info   : Unity Log] 10/12/2021 21:43:11: Using steam APPID:892970

[Info   : Unity Log] 10/12/2021 21:43:11: Authentication:k_ESteamNetworkingAvailability_Attempting

[Info   : Unity Log] 10/12/2021 21:43:11: Steam initialized, persona:MysticMrE

[Warning: Unity Log] 10/12/2021 21:43:11: Missing audio clip in music respawn

[Info   : Unity Log] 10/12/2021 21:43:11: Checking for installed DLCs

[Info   : Unity Log] 10/12/2021 21:43:11: DLC:beta installed:False

[Info   : Unity Log] Version generator started.
[Info   : Unity Log] Version generated with enforced mod : 0.203.11@0.9.9
[Info   :QuickConnect] Loaded 3 server entries
[Info   :Jotunn.Managers.LocalizationManager] Loading custom localizations
[Info   : Unity Log] 10/12/2021 21:43:12: Loaded localization CSV:localization language:English

[Info   : Unity Log] 10/12/2021 21:43:12: Loaded localization CSV:localization_extra language:English

[Info   :Jotunn.Managers.LocalizationManager] Adding tokens for language 'English'
[Info   : Unity Log] 10/12/2021 21:43:14: UI Group status changed Menu = True

[Info   : Unity Log] 10/12/2021 21:43:16: UI Group status changed Menu = True

[Info   : Unity Log] 10/12/2021 21:43:49: FOund selected Start game

[Info   : Unity Log] 10/12/2021 21:43:49: show character selection

[Info   : Unity Log] 10/12/2021 21:44:03: Set hair 1

[Info   : Unity Log] 10/12/2021 21:44:04: Set hair 2

[Info   : Unity Log] 10/12/2021 21:44:04: Set hair 3

[Info   : Unity Log] 10/12/2021 21:44:07: Set hair 4

[Info   : Unity Log] 10/12/2021 21:44:09: Set hair 5

[Info   : Unity Log] 10/12/2021 21:44:09: Set hair 6

[Info   : Unity Log] 10/12/2021 21:44:10: Set hair 7

[Info   : Unity Log] 10/12/2021 21:44:11: Set hair 8

[Info   : Unity Log] 10/12/2021 21:44:14: Set hair 9

[Info   : Unity Log] 10/12/2021 21:44:15: Set hair 10

[Info   : Unity Log] 10/12/2021 21:44:16: Set hair 11

[Info   : Unity Log] 10/12/2021 21:44:17: Set hair 12

[Info   : Unity Log] 10/12/2021 21:44:19: Set hair 13

[Info   : Unity Log] 10/12/2021 21:44:20: Set hair 14

[Info   : Unity Log] 10/12/2021 21:44:21: Set hair 15

[Info   : Unity Log] 10/12/2021 21:44:24: Set hair 15

[Info   : Unity Log] 10/12/2021 21:44:25: Set hair 15

[Info   : Unity Log] 10/12/2021 21:44:25: Set hair 15

[Info   : Unity Log] 10/12/2021 21:44:25: Set hair 15

[Info   : Unity Log] 10/12/2021 21:44:25: Set hair 15

[Info   : Unity Log] 10/12/2021 21:44:26: Set hair 13

[Info   : Unity Log] 10/12/2021 21:44:26: Set hair 12

[Info   : Unity Log] 10/12/2021 21:44:27: Set hair 11

[Info   : Unity Log] 10/12/2021 21:44:27: Set hair 10

[Info   : Unity Log] 10/12/2021 21:44:29: Set hair 9

[Info   : Unity Log] 10/12/2021 21:44:29: Set hair 8

[Info   : Unity Log] 10/12/2021 21:44:30: Set hair 7

[Info   : Unity Log] 10/12/2021 21:44:33: Set hair 6

[Info   : Unity Log] 10/12/2021 21:44:34: Set hair 5

[Info   : Unity Log] 10/12/2021 21:44:35: Set hair 4

[Info   : Unity Log] 10/12/2021 21:44:37: Set hair 3

[Info   : Unity Log] 10/12/2021 21:44:42: Set hair 2

[Info   : Unity Log] 10/12/2021 21:44:44: Set hair 1

[Info   : Unity Log] 10/12/2021 21:44:46: Set hair 0

[Info   : Unity Log] 10/12/2021 21:44:48: Set hair 1

[Info   : Unity Log] 10/12/2021 21:44:48: Set hair 2

[Info   : Unity Log] 10/12/2021 21:46:32: FOund selected Done

[Info   : Unity Log] 10/12/2021 21:46:32: UI Group status changed SelectCharacter = True

[Info   : Unity Log] 10/12/2021 21:46:36: OnCharacterStart

[Info   : Unity Log] 10/12/2021 21:46:42: UI Group status changed Panel = False

[Info   : Unity Log] 10/12/2021 21:47:13: UI Group status changed Panel = True

[Info   : Unity Log] Version generator started.
[Info   : Unity Log] Version generated with enforced mod : 0.203.11@0.9.9
[Info   :Jotunn.Managers.CommandManager] Adding 1 commands to the Console
[Info   : Unity Log] 10/12/2021 21:47:24: Loading player profile mysticmre

[Info   : Unity Log] 10/12/2021 21:47:24: Zonesystem Awake 14971

[Info   : Unity Log] 10/12/2021 21:47:24: DungeonDB Awake 14971

[Info   : Unity Log] 10/12/2021 21:47:24: Steam initialized, persona:MysticMrE

[Info   :Jotunn.Managers.PrefabManager] Adding 2 custom prefabs to the ZNetScene
[Info   :Jotunn.Managers.ItemManager] Adding 8 custom recipes to the ObjectDB
[Info   :Jotunn.Managers.MockManager] Destroying Mock prefabs
[Info   : Unity Log] 10/12/2021 21:47:27: Audioman already exist, destroying self

[Info   : Unity Log] Version generator started.
[Info   : Unity Log] Version generated with enforced mod : 0.203.11@0.9.9
[Info   : Unity Log] 10/12/2021 21:47:27: Checking for installed DLCs

[Info   : Unity Log] 10/12/2021 21:47:27: DLC:beta installed:False

[Info   : PlantEverything] Authoritative Config Registered
[Info   :Smart Containers Mod] Cleaned up UI extensions.
[Info   : Unity Log] 10/12/2021 21:47:30: Zonesystem Start 14971

[Info   : Unity Log] 10/12/2021 21:47:31: Added 3 locations, 0 vegetations, 0 environments, 0 biome env-setups from locations_cp1

[Info   : Unity Log] 10/12/2021 21:47:31: DungeonDB Start 14971

[Info   : Unity Log] 10/12/2021 21:47:31: Load world CrazyCreaturesNL

[Info   : Unity Log] 10/12/2021 21:47:31:   missing C:/Users/eeuwe/AppData/LocalLow/IronGate/Valheim/worlds/CrazyCreaturesNL.db

[Info   : Unity Log] 10/12/2021 21:47:31: Generating locations

[Info   : Unity Log] 10/12/2021 21:47:31: Checking for location duplicates

[Warning: Unity Log] 10/12/2021 21:47:49: Failed to place all StoneTowerRuins05, placed 45 out of 50

[Warning: Unity Log] 10/12/2021 21:48:02: Failed to place all Runestone_Mountains, placed 72 out of 100

[Warning: Unity Log] 10/12/2021 21:48:09: Failed to place all TarPit2, placed 40 out of 100

[Info   : Unity Log] 10/12/2021 21:48:10:  Done generating locations, duration:39468,1159 ms

[Info   : Unity Log] 10/12/2021 21:48:20: Starting respawn

[Info   : Unity Log] 10/12/2021 21:48:20: tip:$loadscreen_tip20

[Info   : Unity Log] 10/12/2021 21:48:20: Force generaeting hmap (0.0, 0.0, 0.0)

[Info   : Unity Log] 10/12/2021 21:48:20: Placed locations in zone 0,0  duration 24,1341 ms

[Info   : Unity Log] 10/12/2021 21:48:21: Setting up valkyrie 

[Info   : Unity Log] 10/12/2021 21:48:21: Show intro 14982

[Info   : Unity Log] 10/12/2021 21:48:21: Show text YOU DIED:Long ago, the Allfather Odin united the worlds. He threw down his foes and cast them into the tenth world, then split the boughs that held their prison to the World-Tree, and left it to drift unanchored, a place of exile…



For centuries, this world slumbered uneasily. But it did not die... As glacial ages passed, kingdoms rose and fell out of sight of the gods.



When Odin heard his enemies were growing once again in strength, he looked to Midgard and sent his Valkyries to scour the battlefields for the greatest of their warriors. Dead to the world, they would be born again…



…in VALHEIM!

[Info   : Unity Log] 10/12/2021 21:48:21: World pos (563.0, 190.0, 569.9)   (563.3, 189.4, 569.8)

[Info   : Unity Log] 10/12/2021 21:48:21: Minimap: Adding unique location (2.8, 78.5, -1.3)

[Info   : Unity Log] 10/12/2021 21:48:22: Placed locations in zone 7,7  duration 0 ms

[Info   : Unity Log] 10/12/2021 21:48:28: Placed locations in zone 5,6  duration 0,9647 ms

[Info   : Unity Log] 10/12/2021 21:48:28: Placed locations in zone 6,6  duration 7,2593 ms

[Info   : Unity Log] 10/12/2021 21:48:29: Placed locations in zone 5,8  duration 0 ms

[Info   : Unity Log] 10/12/2021 21:48:30: Loading dungeon

[Info   : Unity Log] 10/12/2021 21:48:30: Dungeon loaded 0

[Info   : Unity Log] 10/12/2021 21:48:30: Dungeon load time 1,9308 ms

[Info   : Unity Log] 10/12/2021 21:48:30: Available rooms:13

[Info   : Unity Log] 10/12/2021 21:48:30: To place:30

[Info   : Unity Log] 10/12/2021 21:48:30: Placed 8 rooms

[Info   : Unity Log] 10/12/2021 21:48:30: Placed locations in zone 6,10  duration 119,7018 ms

[Info   : Unity Log] 10/12/2021 21:48:30: Placed locations in zone 5,11  duration 0 ms

[Info   : Unity Log] 10/12/2021 21:48:32: UI Group status changed MenuRoot = True

[Info   : Unity Log] 10/12/2021 21:48:33: Spawned Fish3 x 2

[Info   : Unity Log] 10/12/2021 21:48:33: Current res 1920x1080     1920x1080

[Info   : Unity Log] 10/12/2021 21:48:33: UI Group status changed MenuRoot = False

[Info   : Unity Log] 10/12/2021 21:48:33: FOund selected Settings(Clone)

[Info   : Unity Log] 10/12/2021 21:48:33: UI Group status changed ModSettings = True

[Info   : Unity Log] 10/12/2021 21:48:59: FOund selected Ok(Clone)

[Info   : Unity Log] 10/12/2021 21:48:59: UI Group status changed MenuRoot = True

[Info   : Unity Log] 10/12/2021 21:49:01: FOund selected Close

[Info   : Unity Log] 10/12/2021 21:49:05: Loading dungeon

[Info   : Unity Log] 10/12/2021 21:49:05: Dungeon loaded 8

[Info   : Unity Log] 10/12/2021 21:49:05: Dungeon load time 42,4747 ms

[Info   : Unity Log] 10/12/2021 21:49:05: Placed locations in zone 4,14  duration 0 ms

[Info   : Unity Log] 10/12/2021 21:49:07: Spawned Deer x 1

[Info   : Unity Log] 10/12/2021 21:49:07: Spawned Boar x 3

[Info   : Unity Log] 10/12/2021 21:49:07: Spawned Neck x 2

[Info   : Unity Log] 10/12/2021 21:49:07: Spawned Neck x 3

[Info   : Unity Log] 10/12/2021 21:49:07: Spawned Seagal x 1

[Info   : Unity Log] 10/12/2021 21:49:07: Spawned Fish1 x 2

[Info   : Unity Log] 10/12/2021 21:49:07: Spawned Fish1 x 2

[Info   : Unity Log] 10/12/2021 21:49:07: Spawned Fish2 x 3

[Info   : Unity Log] 10/12/2021 21:49:07: Spawned Fish2 x 1

[Info   : Unity Log] 10/12/2021 21:49:07: Spawned Fish3 x 1

[Info   : Unity Log] 10/12/2021 21:49:09: Placed locations in zone 3,7  duration 2,8965 ms

[Info   : Unity Log] 10/12/2021 21:49:09: Force generaeting hmap (384.0, 0.0, 512.0)

[Info   : Unity Log] 10/12/2021 21:49:09: Force generaeting hmap (320.0, 0.0, 512.0)

[Info   : Unity Log] 10/12/2021 21:49:09: Placed locations in zone 3,9  duration 0 ms

[Info   : Unity Log] 10/12/2021 21:49:09: Spawned Boar x 1

[Info   : Unity Log] 10/12/2021 21:49:09: Spawned Neck x 1

[Info   : Unity Log] 10/12/2021 21:49:09: Spawned Neck x 2

[Info   : Unity Log] 10/12/2021 21:49:09: Spawned Seagal x 1

[Info   : Unity Log] 10/12/2021 21:49:09: Spawned Greyling x 1

[Info   : Unity Log] 10/12/2021 21:49:13: Placed locations in zone 2,7  duration 0 ms

[Info   : Unity Log] 10/12/2021 21:49:15: Placed locations in zone 3,4  duration 7,7238 ms

[Info   : Unity Log] 10/12/2021 21:49:16: Placed locations in zone 1,4  duration 12,5725 ms

[Info   : Unity Log] 10/12/2021 21:49:16: Placed locations in zone 4,4  duration 0,9654 ms

[Info   : Unity Log] 10/12/2021 21:49:16: Placed locations in zone 5,4  duration 0 ms

[Info   : Unity Log] 10/12/2021 21:49:17: Placed locations in zone 1,8  duration 0 ms

[Info   : Unity Log] 10/12/2021 21:49:18: Placed locations in zone 1,10  duration 1,9538 ms

[Info   : Unity Log] 10/12/2021 21:49:20: Force generaeting hmap (128.0, 0.0, 384.0)

[Info   : Unity Log] 10/12/2021 21:49:20: Force generaeting hmap (128.0, 0.0, 448.0)

[Info   : Unity Log] 10/12/2021 21:49:22: Placed locations in zone 4,3  duration 14,4537 ms

[Info   : Unity Log] 10/12/2021 21:49:22: Placed locations in zone 5,3  duration 0 ms

[Info   : Unity Log] 10/12/2021 21:49:22: Placed locations in zone 0,11  duration 11,5843 ms

[Info   : Unity Log] 10/12/2021 21:49:24: Placed locations in zone -1,4  duration 9,653 ms

[Info   : Unity Log] 10/12/2021 21:49:24: Placed locations in zone -1,6  duration 0 ms

[Info   : Unity Log] 10/12/2021 21:49:24: Placed locations in zone -1,8  duration 5,7956 ms

[Info   : Unity Log] 10/12/2021 21:49:28: Placed locations in zone 0,2  duration 0 ms

[Info   : Unity Log] 10/12/2021 21:49:29: Force generaeting hmap (64.0, 0.0, 256.0)

[Info   : Unity Log] 10/12/2021 21:49:29: Placed locations in zone 6,2  duration 7,696 ms

[Info   : Unity Log] 10/12/2021 21:49:29: Placed locations in zone -2,8  duration 14,4813 ms

[Info   : Unity Log] 10/12/2021 21:49:29: Placed locations in zone -2,9  duration 0,9663 ms

[Info   : Unity Log] 10/12/2021 21:49:32: Placed locations in zone -3,3  duration 0,965 ms

[Info   : Unity Log] 10/12/2021 21:49:32: Starting descent

[Info   : Unity Log] 10/12/2021 21:49:32: Placed locations in zone -3,10  duration 3,8723 ms

[Info   : Unity Log] 10/12/2021 21:49:33: Placed locations in zone -3,1  duration 8,6873 ms

[Info   : Unity Log] 10/12/2021 21:49:34: Placed locations in zone 1,1  duration 2,9248 ms

[Info   : Unity Log] 10/12/2021 21:49:34: Placed locations in zone 3,1  duration 0 ms

[Info   : Unity Log] 10/12/2021 21:49:37: Placed locations in zone -3,0  duration 7,7492 ms

[Info   : Unity Log] 10/12/2021 21:49:38: Placed locations in zone -2,0  duration 0 ms

[Info   : Unity Log] 10/12/2021 21:49:38: Placed locations in zone 3,0  duration 9,6268 ms

[Info   : Unity Log] 10/12/2021 21:49:38: Placed locations in zone 4,0  duration 15,4445 ms

[Info   : Unity Log] 10/12/2021 21:49:38: Placed locations in zone -4,2  duration 10,6197 ms

[Info   : Unity Log] 10/12/2021 21:49:40: Placed locations in zone -3,-1  duration 9,6527 ms

[Info   : Unity Log] 10/12/2021 21:49:41: Placed locations in zone -1,-1  duration 3,8626 ms

[Info   : Unity Log] 10/12/2021 21:49:41: Placed locations in zone 3,-1  duration 3,8886 ms

[Info   : Unity Log] 10/12/2021 21:49:44: Placed locations in zone -4,-2  duration 3,8598 ms

[Info   : Unity Log] 10/12/2021 21:49:44: Placed locations in zone -1,-2  duration 0 ms

[Info   : Unity Log] 10/12/2021 21:49:44: Placed locations in zone 2,-2  duration 0 ms

[Info   : Unity Log] 10/12/2021 21:49:44: Placed locations in zone 4,-2  duration 10,6228 ms

[Info   : Unity Log] 10/12/2021 21:49:47: Placed locations in zone -1,-3  duration 0 ms

[Info   : Unity Log] 10/12/2021 21:49:47: Placed locations in zone 0,-3  duration 12,548 ms

[Info   : Unity Log] 10/12/2021 21:49:48: Placed locations in zone 1,-3  duration 5,7916 ms

[Info   : Unity Log] 10/12/2021 21:49:48: Placed locations in zone 2,-3  duration 4,7996 ms

[Info   : Unity Log] 10/12/2021 21:49:48: Placed locations in zone 3,-3  duration 0 ms

[Info   : Unity Log] 10/12/2021 21:49:48: Placed locations in zone 4,-3  duration 10,6451 ms

[Info   : Unity Log] 10/12/2021 21:49:50: Placed locations in zone -3,-4  duration 4,8267 ms

[Info   : Unity Log] 10/12/2021 21:49:50: Placed locations in zone -2,-4  duration 4,828 ms

[Info   : Unity Log] 10/12/2021 21:49:51: Placed locations in zone -1,-4  duration 3,8892 ms

[Info   : Unity Log] 10/12/2021 21:49:51: Force generaeting hmap (-128.0, 0.0, -128.0)

[Info   : Unity Log] 10/12/2021 21:49:51: Force generaeting hmap (-64.0, 0.0, -128.0)

[Info   : Unity Log] 10/12/2021 21:49:51: Force generaeting hmap (128.0, 0.0, -128.0)

[Info   : Unity Log] 10/12/2021 21:49:51: Placed locations in zone 2,-4  duration 0 ms

[Info   : Unity Log] 10/12/2021 21:49:51: We are here

[Info   : Unity Log] 10/12/2021 21:49:51: We are here

[Info   : Unity Log] 10/12/2021 21:49:58: Spawned Deer x 1

[Info   : Unity Log] 10/12/2021 21:49:58: Spawned Deer x 2

[Info   : Unity Log] 10/12/2021 21:49:58: Spawned Boar x 1

[Info   : Unity Log] 10/12/2021 21:49:58: Spawned Boar x 1

[Info   : Unity Log] 10/12/2021 21:49:58: Spawned Greyling x 1

[Info   : Unity Log] 10/12/2021 21:50:00: Destroying valkyrie

[Info   : Unity Log] 10/12/2021 21:50:16: Placed locations in zone -4,-5  duration 10,619 ms

[Info   : Unity Log] 10/12/2021 21:50:16: Placed locations in zone 2,-5  duration 11,584 ms

[Info   : Unity Log] 10/12/2021 21:50:17: Placed locations in zone 4,-5  duration 7,7207 ms

[Info   : Unity Log] 10/12/2021 21:50:17: Spawned Greyling x 1

[Info   : Unity Log] 10/12/2021 21:50:17: Placed locations in zone 5,-5  duration 0 ms

[Info   : Unity Log] 10/12/2021 21:50:18: Placed locations in zone 5,-3  duration 0 ms

[Info   : Unity Log] 10/12/2021 21:50:18: Placed locations in zone 5,-1  duration 3,8613 ms

[Info   : Unity Log] 10/12/2021 21:50:18: Placed locations in zone 5,0  duration 0,9952 ms

[Info   : Unity Log] 10/12/2021 21:50:42: Queue unlock msg:$msg_newitem:$item_torch

[Info   : Unity Log] 10/12/2021 21:50:42: Queue unlock msg:$msg_newitem:$item_chest_rags

[Info   : Unity Log] 10/12/2021 21:50:42: Queue unlock msg:$msg_newmaterial:$item_wood

[Info   : Unity Log] 10/12/2021 21:50:42: Queue unlock msg:$msg_newrecipe:$item_club

[Info   : Unity Log] 10/12/2021 21:51:00: Setting selected recipe 0

[Info   : Unity Log] 10/12/2021 21:51:00: UI Group status changed root = True

[Info   : Unity Log] 10/12/2021 21:51:00: UI Group status changed Player = True

[Info   : Unity Log] 10/12/2021 21:51:01: Setting selected recipe 0

[Info   : Unity Log] 10/12/2021 21:51:05: Queue unlock msg:$msg_newitem:$item_raspberries

[Info   : Unity Log] 10/12/2021 21:51:33: Placed locations in zone -5,-2  duration 0,9671 ms

[Info   : Unity Log] 10/12/2021 21:51:33: Placed locations in zone -5,2  duration 6,7825 ms

[Info   : Unity Log] 10/12/2021 21:51:34: Placed locations in zone -5,4  duration 10,618 ms

[Info   : Unity Log] 10/12/2021 21:51:35: Spawned Deer x 1

[Info   : Unity Log] 10/12/2021 21:51:40: Queue unlock msg:$msg_newmaterial:$item_stone

[Info   : Unity Log] 10/12/2021 21:51:40: Queue unlock msg:$msg_newrecipe:$item_axe_stone

[Info   : Unity Log] 10/12/2021 21:51:40: Queue unlock msg:$msg_newrecipe:$item_hammer

[Info   : Unity Log] 10/12/2021 21:51:43: Setting selected recipe 1

[Info   : Unity Log] 10/12/2021 21:51:43: UI Group status changed root = True

[Info   : Unity Log] 10/12/2021 21:51:43: UI Group status changed Player = True

[Info   : Unity Log] 10/12/2021 21:51:45: Setting selected recipe 0

[Info   : Unity Log] 10/12/2021 21:51:49: Force generaeting hmap (128.0, 0.0, -128.0)

[Info   : Unity Log] 10/12/2021 21:51:57: Setting selected recipe 0

[Info   : Unity Log] 10/12/2021 21:51:57: UI Group status changed root = True

[Info   : Unity Log] 10/12/2021 21:51:57: UI Group status changed Player = True

[Info   : Unity Log] 10/12/2021 21:52:09: Spawned Boar x 2

[Info   : Unity Log] 10/12/2021 21:52:41: Force generaeting hmap (128.0, 0.0, -128.0)

[Info   : Unity Log] 10/12/2021 21:52:46: Setting selected recipe 0

[Info   : Unity Log] 10/12/2021 21:52:46: UI Group status changed root = True

[Info   : Unity Log] 10/12/2021 21:52:46: UI Group status changed Player = True

[Info   : Unity Log] 10/12/2021 21:52:49: Setting selected recipe 0

[Info   : Unity Log] 10/12/2021 21:52:49: UI Group status changed root = True

[Info   : Unity Log] 10/12/2021 21:52:49: UI Group status changed Player = True

[Info   : Unity Log] 10/12/2021 21:52:50: UI Group status changed MenuRoot = True

[Info   : Unity Log] 10/12/2021 21:53:02: UI Group status changed MenuRoot = True

[Info   : Unity Log] 10/12/2021 21:53:03: Current res 1920x1080     1920x1080

[Info   : Unity Log] 10/12/2021 21:53:03: UI Group status changed MenuRoot = False

[Info   : Unity Log] 10/12/2021 21:53:03: FOund selected Settings

[Info   : Unity Log] 10/12/2021 21:53:12: UI Group status changed Controls = True

[Info   : Unity Log] 10/12/2021 21:53:19: Current res 1920x1080     1920x1080

[Info   : Unity Log] 10/12/2021 21:53:19: Button pressed Back  frame:32651

[Info   : Unity Log] 10/12/2021 21:53:19: Current res 1920x1080     1920x1080

[Info   : Unity Log] 10/12/2021 21:53:19: UI Group status changed MenuRoot = True

[Info   : Unity Log] 10/12/2021 21:53:36: Im still nto the owner

[Info   : Unity Log] 10/12/2021 21:53:36: Im still nto the owner

[Info   : Unity Log] 10/12/2021 21:53:36: Im still nto the owner

[Info   : Unity Log] 10/12/2021 21:53:36: Im still nto the owner

[Info   : Unity Log] 10/12/2021 21:53:36: Im finally the owner

[Info   : Unity Log] 10/12/2021 21:53:40: Spawned Deer x 1

[Info   : Unity Log] 10/12/2021 21:54:16: Spawned Boar x 1

[Info   : Unity Log] 10/12/2021 21:54:16: Spawned Seagal x 2

[Info   : Unity Log] 10/12/2021 21:54:16: Spawned Greyling x 1

[Info   : Unity Log] 10/12/2021 21:54:19: Queue unlock msg:$msg_newitem:$item_mushroomcommon

[Info   : Unity Log] 10/12/2021 21:54:26: Setting selected recipe 0

[Info   : Unity Log] 10/12/2021 21:54:26: UI Group status changed root = True

[Info   : Unity Log] 10/12/2021 21:54:26: UI Group status changed Player = True

[Info   : Unity Log] 10/12/2021 21:54:28: Setting selected recipe 0

[Info   : Unity Log] 10/12/2021 21:54:30: Queue unlock msg:$msg_newitem:$item_axe_stone

[Info   : Unity Log] 10/12/2021 21:54:31: Setting selected recipe 0

[Info   : Unity Log] 10/12/2021 21:55:01: Queue unlock msg:$msg_newmaterial:$item_beechseeds

[Info   : Unity Log] 10/12/2021 21:55:30: Queue unlock msg:$msg_newmaterial:$item_resin

[Info   : Unity Log] 10/12/2021 21:55:30: Queue unlock msg:$msg_newrecipe:$item_torch

[Info   : Unity Log] 10/12/2021 21:55:37: Rel vel 1,56513

[Info   : Unity Log] 10/12/2021 21:56:00: Spawned Deer x 1

[Info   : Unity Log] 10/12/2021 21:56:20: Spawned Fish2 x 4

[Info   : Unity Log] 10/12/2021 21:56:48: Right back item AxeStone

[Info   : Unity Log] 10/12/2021 21:56:57: Spawned Boar x 1

[Info   : Unity Log] 10/12/2021 21:56:57: Spawned Fish1 x 1

[Info   : Unity Log] 10/12/2021 21:56:57: Spawned Fish1 x 4

[Info   : Unity Log] 10/12/2021 21:56:57: Spawned Greyling x 1

[Info   : Unity Log] 10/12/2021 21:57:11: Queue unlock msg:$msg_newmaterial:$item_flint

[Info   : Unity Log] 10/12/2021 21:57:15: Spawned Boar x 2

[Info   : Unity Log] 10/12/2021 21:57:15: Spawned Greyling x 1

[Info   : Unity Log] 10/12/2021 21:57:43: Spawned Deer x 2

[Info   : Unity Log] 10/12/2021 21:57:43: Spawned Deer x 1

[Info   : Unity Log] 10/12/2021 21:57:43: Spawned Boar x 2

[Info   : Unity Log] 10/12/2021 21:57:43: Spawned Neck x 4

[Info   : Unity Log] 10/12/2021 21:57:43: Spawned Seagal x 1

[Info   : Unity Log] 10/12/2021 21:58:06: Spawned Neck x 2

[Info   : Unity Log] 10/12/2021 21:58:06: Spawned Seagal x 2

[Info   : Unity Log] 10/12/2021 21:58:06: Spawned Seagal x 1

[Info   : Unity Log] 10/12/2021 21:58:11: Im still nto the owner

[Info   : Unity Log] 10/12/2021 21:58:11: Im still nto the owner

[Info   : Unity Log] 10/12/2021 21:58:11: Im still nto the owner

[Info   : Unity Log] 10/12/2021 21:58:11: Im still nto the owner

[Info   : Unity Log] 10/12/2021 21:58:11: Im still nto the owner

[Info   : Unity Log] 10/12/2021 21:58:11: Im still nto the owner

[Info   : Unity Log] 10/12/2021 21:58:11: Im finally the owner

[Info   : Unity Log] 10/12/2021 21:58:51: Player 2129098406 wants to open TreasureChest_meadows(Clone)   im: 2129098406

[Info   : Unity Log] 10/12/2021 21:58:51: Setting selected recipe 0

[Info   :Smart Containers Mod] Initialized UI extensions.
[Info   : Unity Log] 10/12/2021 21:58:51: UI Group status changed root = True

[Info   : Unity Log] 10/12/2021 21:58:51: UI Group status changed Player = True

[Info   : Unity Log] 10/12/2021 21:58:53: Queue unlock msg:$msg_newmaterial:$item_feathers

[Info   : Unity Log] 10/12/2021 21:58:59: Right back item 

[Info   : Unity Log] 10/12/2021 21:59:09: Setting selected recipe 0

[Info   : Unity Log] 10/12/2021 21:59:09: UI Group status changed root = True

[Info   : Unity Log] 10/12/2021 21:59:09: UI Group status changed Player = True

[Info   : Unity Log] 10/12/2021 21:59:10: Setting selected recipe 2

[Info   : Unity Log] 10/12/2021 21:59:13: Queue unlock msg:$msg_newitem:$item_hammer

[Info   : Unity Log] 10/12/2021 21:59:13: Queue unlock msg:$msg_newpiece:$piece_repair

[Info   : Unity Log] 10/12/2021 21:59:13: Queue unlock msg:$msg_newpiece:$piece_firepit

[Info   : Unity Log] 10/12/2021 21:59:13: Queue unlock msg:$msg_newpiece:$piece_woodstack

[Info   : Unity Log] 10/12/2021 21:59:13: Queue unlock msg:$msg_newpiece:$piece_stonepile

[Info   : Unity Log] 10/12/2021 21:59:13: Queue unlock msg:$msg_newpiece:$piece_cookingstation

[Info   : Unity Log] 10/12/2021 21:59:13: Queue unlock msg:$msg_newpiece:$piece_workbench

[Info   : Unity Log] 10/12/2021 21:59:13: Setting selected recipe 2

[Info   : Unity Log] 10/12/2021 21:59:14: Setting selected recipe 1

[Info   : Unity Log] 10/12/2021 21:59:16: Queue unlock msg:$msg_newitem:$item_club

[Info   : Unity Log] 10/12/2021 21:59:16: Setting selected recipe 1

[Info   : Unity Log] 10/12/2021 21:59:24: Disabling PlayerBase  character_trigger

[Info   : Unity Log] 10/12/2021 21:59:28: Queue unlock msg:$msg_newstation:$piece_workbench

[Info   : Unity Log] 10/12/2021 21:59:28: Queue unlock msg:$msg_newrecipe:$item_arrow_wood

[Info   : Unity Log] 10/12/2021 21:59:28: Queue unlock msg:$msg_newrecipe:$item_axe_flint

[Info   : Unity Log] 10/12/2021 21:59:28: Queue unlock msg:$msg_newrecipe:$item_hoe

[Info   : Unity Log] 10/12/2021 21:59:28: Queue unlock msg:$msg_newpiece:$piece_workbench_ext1

[Info   : Unity Log] 10/12/2021 21:59:28: Queue unlock msg:$msg_newpiece:$piece_woodfloor1x1

[Info   : Unity Log] 10/12/2021 21:59:28: Queue unlock msg:$msg_newpiece:$piece_woodfloor2x2

[Info   : Unity Log] 10/12/2021 21:59:28: Queue unlock msg:$msg_newpiece:$piece_woodstair

[Info   : Unity Log] 10/12/2021 21:59:28: Queue unlock msg:$msg_newpiece:$piece_woodstepladder

[Info   : Unity Log] 10/12/2021 21:59:28: Queue unlock msg:$msg_newpiece:$piece_woodwallquarter

[Info   : Unity Log] 10/12/2021 21:59:28: Queue unlock msg:$msg_newpiece:$piece_woodwallhalf

[Info   : Unity Log] 10/12/2021 21:59:28: Queue unlock msg:$msg_newpiece:$piece_woodwall

[Info   : Unity Log] 10/12/2021 21:59:28: Queue unlock msg:$msg_newpiece:$piece_woodwallroof

[Info   : Unity Log] 10/12/2021 21:59:28: Queue unlock msg:$msg_newpiece:$piece_woodwallroof_upsidedown

[Info   : Unity Log] 10/12/2021 21:59:28: Queue unlock msg:$msg_newpiece:$piece_woodwallrooftop

[Info   : Unity Log] 10/12/2021 21:59:28: Queue unlock msg:$msg_newpiece:$piece_woodwallroof45

[Info   : Unity Log] 10/12/2021 21:59:28: Queue unlock msg:$msg_newpiece:$piece_woodwallroof45_upsidedown

[Info   : Unity Log] 10/12/2021 21:59:28: Queue unlock msg:$msg_newpiece:$piece_woodwallrooftop45

[Info   : Unity Log] 10/12/2021 21:59:28: Queue unlock msg:$msg_newpiece:$piece_woodroof26

[Info   : Unity Log] 10/12/2021 21:59:28: Queue unlock msg:$msg_newpiece:$piece_woodrooftop

[Info   : Unity Log] 10/12/2021 21:59:28: Queue unlock msg:$msg_newpiece:$piece_woodroofocorner

[Info   : Unity Log] 10/12/2021 21:59:28: Queue unlock msg:$msg_newpiece:$piece_woodrooficorner

[Info   : Unity Log] 10/12/2021 21:59:28: Queue unlock msg:$msg_newpiece:$piece_woodroof45

[Info   : Unity Log] 10/12/2021 21:59:28: Queue unlock msg:$msg_newpiece:$piece_woodrooftop45

[Info   : Unity Log] 10/12/2021 21:59:28: Queue unlock msg:$msg_newpiece:$piece_woodroofocorner45

[Info   : Unity Log] 10/12/2021 21:59:28: Queue unlock msg:$msg_newpiece:$piece_woodrooficorner45

[Info   : Unity Log] 10/12/2021 21:59:28: Queue unlock msg:$msg_newpiece:$piece_woodpole

[Info   : Unity Log] 10/12/2021 21:59:28: Queue unlock msg:$msg_newpiece:$piece_woodpole2

[Info   : Unity Log] 10/12/2021 21:59:28: Queue unlock msg:$msg_newpiece:$piece_woodbeam1

[Info   : Unity Log] 10/12/2021 21:59:28: Queue unlock msg:$msg_newpiece:$piece_woodbeam2

[Info   : Unity Log] 10/12/2021 21:59:28: Queue unlock msg:$msg_newpiece:$piece_woodbeam26

[Info   : Unity Log] 10/12/2021 21:59:28: Queue unlock msg:$msg_newpiece:$piece_woodbeam45

[Info   : Unity Log] 10/12/2021 21:59:28: Queue unlock msg:$msg_newpiece:$piece_wooddoor

[Info   : Unity Log] 10/12/2021 21:59:28: Queue unlock msg:$msg_newpiece:$piece_woodgate

[Info   : Unity Log] 10/12/2021 21:59:28: Queue unlock msg:$msg_newpiece:$piece_woodfence

[Info   : Unity Log] 10/12/2021 21:59:28: Queue unlock msg:$msg_newpiece:$piece_stakewall

[Info   : Unity Log] 10/12/2021 21:59:28: Queue unlock msg:$msg_newpiece:$piece_bed

[Info   : Unity Log] 10/12/2021 21:59:28: Queue unlock msg:$msg_newpiece:$piece_chestwood

[Info   : Unity Log] 10/12/2021 21:59:28: Queue unlock msg:$msg_newpiece:$piece_groundtorchwood

[Info   : Unity Log] 10/12/2021 21:59:28: Disabling PlayerBase  character_trigger

[Info   : Unity Log] 10/12/2021 21:59:28: Placed piece_workbench

[Info   : Unity Log] 10/12/2021 21:59:28: Disabling PlayerBase  character_trigger

[Info   : Unity Log] 10/12/2021 22:01:31: Spawned Seagal x 1

[Info   : Unity Log] 10/12/2021 22:01:39: Spawned Deer x 2

[Info   : Unity Log] 10/12/2021 22:01:39: Spawned Neck x 2

[Info   : Unity Log] 10/12/2021 22:01:39: Spawned Seagal x 2

[Info   : Unity Log] 10/12/2021 22:01:39: Spawned Fish1 x 4

[Info   : Unity Log] 10/12/2021 22:01:59: Spawned Deer x 1

[Info   : Unity Log] 10/12/2021 22:01:59: Spawned Deer x 1

[Info   : Unity Log] 10/12/2021 22:01:59: Spawned Boar x 2

[Info   : Unity Log] 10/12/2021 22:01:59: Spawned Neck x 2

[Info   : Unity Log] 10/12/2021 22:01:59: Spawned Seagal x 2

[Info   : Unity Log] 10/12/2021 22:01:59: Spawned Fish1 x 1

[Info   : Unity Log] 10/12/2021 22:01:59: Spawned Greyling x 1

[Info   : Unity Log] 10/12/2021 22:02:46: Queue unlock msg:$msg_newmaterial:$item_queenbee

[Info   : Unity Log] 10/12/2021 22:02:46: Queue unlock msg:$msg_newpiece:$piece_beehive

[Info   : Unity Log] 10/12/2021 22:02:46: Queue unlock msg:$msg_newitem:$item_honey

[Info   : Unity Log] 10/12/2021 22:02:48: Setting selected recipe 1

[Info   : Unity Log] 10/12/2021 22:02:48: UI Group status changed root = True

[Info   : Unity Log] 10/12/2021 22:02:48: UI Group status changed Player = True

[Info   : Unity Log] 10/12/2021 22:02:50: Player 2129098406 wants to open TreasureChest_meadows(Clone)   im: 2129098406

[Info   : Unity Log] 10/12/2021 22:02:50: Setting selected recipe 1

[Info   : Unity Log] 10/12/2021 22:02:50: UI Group status changed root = True

[Info   : Unity Log] 10/12/2021 22:02:50: UI Group status changed Player = True

[Info   : Unity Log] 10/12/2021 22:02:54: Queue unlock msg:$msg_newitem:$item_arrow_flint

[Info   : Unity Log] 10/12/2021 22:02:54: Queue unlock msg:$msg_newmaterial:$item_amber

[Info   : Unity Log] 10/12/2021 22:02:59: Disabling PlayerBase  character_trigger

[Info   : Unity Log] 10/12/2021 22:03:08: Placed piece_workbench

[Info   : Unity Log] 10/12/2021 22:03:08: Disabling PlayerBase  character_trigger

[Info   : Unity Log] 10/12/2021 22:03:58: Setting selected recipe 1

[Info   : Unity Log] 10/12/2021 22:03:58: UI Group status changed root = True

[Info   : Unity Log] 10/12/2021 22:03:58: UI Group status changed Player = True

[Info   : Unity Log] 10/12/2021 22:04:02: Setting selected recipe 3

[Info   : Unity Log] 10/12/2021 22:04:02: UI Group status changed root = True

[Info   : Unity Log] 10/12/2021 22:04:02: UI Group status changed Player = True

[Info   : Unity Log] 10/12/2021 22:04:03: Spawned Fish2 x 2

[Info   : Unity Log] 10/12/2021 22:05:17: Setting selected recipe 1

[Info   : Unity Log] 10/12/2021 22:05:17: UI Group status changed root = True

[Info   : Unity Log] 10/12/2021 22:05:17: UI Group status changed Player = True

[Info   : Unity Log] 10/12/2021 22:05:21: UI Group status changed root = False

[Info   : Unity Log] 10/12/2021 22:05:21: UI Group status changed Player = False

[Info   : Unity Log] 10/12/2021 22:05:21: UI Group status changed SplitDialog = True

[Info   : Unity Log] 10/12/2021 22:05:23: UI Group status changed root = True

[Info   : Unity Log] 10/12/2021 22:05:23: UI Group status changed Player = True

[Info   : Unity Log] 10/12/2021 22:05:24: Drop item $item_wood

[Info   : Unity Log] 10/12/2021 22:05:24: drop some 2  22

[Info   : Unity Log] 10/12/2021 22:05:24: Setting selected recipe 1

[Info   : Unity Log] 10/12/2021 22:05:28: Setting selected recipe 1

[Info   : Unity Log] 10/12/2021 22:05:28: UI Group status changed root = True

[Info   : Unity Log] 10/12/2021 22:05:28: UI Group status changed Player = True

[Info   : Unity Log] 10/12/2021 22:05:31: UI Group status changed root = False

[Info   : Unity Log] 10/12/2021 22:05:31: UI Group status changed Player = False

[Info   : Unity Log] 10/12/2021 22:05:31: UI Group status changed SplitDialog = True

[Info   : Unity Log] 10/12/2021 22:05:35: UI Group status changed root = True

[Info   : Unity Log] 10/12/2021 22:05:35: UI Group status changed Player = True

[Info   : Unity Log] 10/12/2021 22:05:36: Drop item $item_wood

[Info   : Unity Log] 10/12/2021 22:05:36: drop some 10  20

[Info   : Unity Log] 10/12/2021 22:05:36: Setting selected recipe 1

[Info   : Unity Log] 10/12/2021 22:05:59: Setting selected recipe 1

[Info   : Unity Log] 10/12/2021 22:05:59: UI Group status changed root = True

[Info   : Unity Log] 10/12/2021 22:05:59: UI Group status changed Player = True

[Info   : Unity Log] 10/12/2021 22:06:00: UI Group status changed root = False

[Info   : Unity Log] 10/12/2021 22:06:00: FOund selected Skills

[Info   : Unity Log] 10/12/2021 22:06:00: UI Group status changed Player = False

[Info   : Unity Log] 10/12/2021 22:06:08: UI Group status changed root = True

[Info   : Unity Log] 10/12/2021 22:06:08: UI Group status changed Player = True

[Info   : Unity Log] 10/12/2021 22:06:19: Spawned Greyling x 1

[Info   : Unity Log] 10/12/2021 22:06:20: Setting selected recipe 1

[Info   : Unity Log] 10/12/2021 22:06:20: UI Group status changed root = True

[Info   : Unity Log] 10/12/2021 22:06:20: UI Group status changed Player = True

[Info   : Unity Log] 10/12/2021 22:06:21: Setting selected recipe 1

[Info   : Unity Log] 10/12/2021 22:06:21: UI Group status changed root = True

[Info   : Unity Log] 10/12/2021 22:06:21: UI Group status changed Player = True

[Info   : Unity Log] 10/12/2021 22:06:44: Placed locations in zone -6,1  duration 0 ms

[Info   : Unity Log] 10/12/2021 22:06:48: Placed locations in zone -6,5  duration 0 ms

[Info   : Unity Log] 10/12/2021 22:06:50: Spawned Boar x 1

[Info   : Unity Log] 10/12/2021 22:06:50: Spawned Neck x 2

[Info   : Unity Log] 10/12/2021 22:06:50: Spawned Seagal x 2

[Info   : Unity Log] 10/12/2021 22:06:50: Spawned Fish1 x 4

[Info   : Unity Log] 10/12/2021 22:06:50: Spawned Fish3 x 1

[Info   : Unity Log] 10/12/2021 22:07:00: Setting selected recipe 1

[Info   : Unity Log] 10/12/2021 22:07:00: UI Group status changed root = True

[Info   : Unity Log] 10/12/2021 22:07:00: UI Group status changed Player = True

[Info   : Unity Log] 10/12/2021 22:07:03: Setting selected recipe 1

[Info   : Unity Log] 10/12/2021 22:07:03: UI Group status changed root = True

[Info   : Unity Log] 10/12/2021 22:07:03: UI Group status changed Player = True

[Info   : Unity Log] 10/12/2021 22:07:24: Left click

[Info   : Unity Log] 10/12/2021 22:07:36: Left click

[Info   : Unity Log] 10/12/2021 22:07:37: Left click

[Info   : Unity Log] 10/12/2021 22:07:38: Left click

[Info   : Unity Log] 10/12/2021 22:07:38: Left click

[Info   : Unity Log] 10/12/2021 22:07:39: Right click

[Info   : Unity Log] 10/12/2021 22:07:39: Right click

[Info   : Unity Log] 10/12/2021 22:07:40: Right click

[Info   : Unity Log] 10/12/2021 22:08:21: Uncompressed size 8388617

[Info   : Unity Log] 10/12/2021 22:08:21: Compressed size 8421

[Info   : Unity Log] 10/12/2021 22:08:21: clone 38

[Info   : Unity Log] 10/12/2021 22:08:22: Right click

[Info   : Unity Log] 10/12/2021 22:08:27: Right click

[Info   : Unity Log] 10/12/2021 22:08:28: Left click

[Info   : Unity Log] 10/12/2021 22:08:28: Left click

[Info   : Unity Log] 10/12/2021 22:08:29: Right click

[Info   : Unity Log] 10/12/2021 22:08:29: Right click

[Info   : Unity Log] 10/12/2021 22:08:30: Right click

[Info   : Unity Log] 10/12/2021 22:08:30: Left click

[Info   : Unity Log] 10/12/2021 22:08:31: Right click

[Info   : Unity Log] 10/12/2021 22:08:31: Left click

[Info   : Unity Log] 10/12/2021 22:08:32: Right click

[Info   : Unity Log] 10/12/2021 22:08:33: Left click

[Info   : Unity Log] 10/12/2021 22:08:33: Left click

[Info   : Unity Log] 10/12/2021 22:08:34: Left click

[Info   : Unity Log] 10/12/2021 22:08:34: Left click

[Info   : Unity Log] 10/12/2021 22:08:35: Left click

[Info   : Unity Log] 10/12/2021 22:08:36: Right click

[Info   : Unity Log] 10/12/2021 22:08:50: Spawned Deer x 1

[Info   : Unity Log] 10/12/2021 22:08:50: Spawned Neck x 4

[Info   : Unity Log] 10/12/2021 22:08:50: Spawned Seagal x 1

[Info   : Unity Log] 10/12/2021 22:08:50: Spawned Fish3 x 2

[Info   : Unity Log] 10/12/2021 22:08:50: Spawned Greyling x 1

[Info   : Unity Log] 10/12/2021 22:08:50: Placed locations in zone -7,1  duration 0,9649 ms

[Info   : Unity Log] 10/12/2021 22:08:50: Placed locations in zone -7,2  duration 0 ms

[Info   : Unity Log] 10/12/2021 22:08:50: Placed locations in zone -7,4  duration 4,8279 ms

[Info   : Unity Log] 10/12/2021 22:08:54: Right back item Club

[Info   : Unity Log] 10/12/2021 22:09:01: Placed locations in zone -7,0  duration 5,8186 ms

[Info   : Unity Log] 10/12/2021 22:09:05: Placed locations in zone -8,3  duration 2,9232 ms

[Info   : Unity Log] 10/12/2021 22:09:05: Loading dungeon

[Info   : Unity Log] 10/12/2021 22:09:05: Dungeon loaded 0

[Info   : Unity Log] 10/12/2021 22:09:05: Dungeon load time 1,931 ms

[Info   : Unity Log] 10/12/2021 22:09:05: Available rooms:13

[Info   : Unity Log] 10/12/2021 22:09:05: To place:30

[Info   : Unity Log] 10/12/2021 22:09:05: Placed 11 rooms

[Info   : Unity Log] 10/12/2021 22:09:05: Placed locations in zone -8,4  duration 113,2636 ms

[Info   : Unity Log] 10/12/2021 22:09:07: Spawned Boar x 3

[Info   : Unity Log] 10/12/2021 22:09:07: Spawned Seagal x 2

[Info   : Unity Log] 10/12/2021 22:09:07: Spawned Fish1 x 5

[Info   : Unity Log] 10/12/2021 22:09:07: Spawned Fish2 x 4

[Info   : Unity Log] 10/12/2021 22:09:07: Spawned Fish3 x 1

[Info   : Unity Log] 10/12/2021 22:09:07: Spawned Greyling x 1

[Info   : Unity Log] 10/12/2021 22:09:20: Right back item 

[Info   : Unity Log] 10/12/2021 22:09:26: Valid True

[Info   : Unity Log] 10/12/2021 22:09:26: On death False

[Info   : Unity Log] 10/12/2021 22:09:29: Queue unlock msg:$msg_newmaterial:$item_leatherscraps

[Info   : Unity Log] 10/12/2021 22:09:29: Queue unlock msg:$msg_newrecipe:$item_chest_rags

[Info   : Unity Log] 10/12/2021 22:09:29: Queue unlock msg:$msg_newrecipe:$item_legs_rags

[Info   : Unity Log] 10/12/2021 22:09:29: Queue unlock msg:$msg_newrecipe:$item_bow

[Info   : Unity Log] 10/12/2021 22:09:29: Queue unlock msg:$msg_newrecipe:$item_knife_flint

[Info   : Unity Log] 10/12/2021 22:09:29: Queue unlock msg:$msg_newrecipe:$item_shield_wood

[Info   : Unity Log] 10/12/2021 22:09:29: Queue unlock msg:$msg_newrecipe:$item_shield_woodtower

[Info   : Unity Log] 10/12/2021 22:09:29: Queue unlock msg:$msg_newrecipe:$item_spear_flint

[Info   : Unity Log] 10/12/2021 22:09:29: Queue unlock msg:$msg_newpiece:$ship_raft

[Info   : Unity Log] 10/12/2021 22:09:38: Valid True

[Info   : Unity Log] 10/12/2021 22:09:38: On death False

[Info   : Unity Log] 10/12/2021 22:09:44: Queue unlock msg:$msg_newmaterial:$item_boar_meat

[Info   : Unity Log] 10/12/2021 22:10:00: Placed locations in zone -9,0  duration 0 ms

[Info   : Unity Log] 10/12/2021 22:10:00: Loading dungeon

[Info   : Unity Log] 10/12/2021 22:10:00: Dungeon loaded 0

[Info   : Unity Log] 10/12/2021 22:10:00: Dungeon load time 1,9068 ms

[Info   : Unity Log] 10/12/2021 22:10:00: Available rooms:13

[Info   : Unity Log] 10/12/2021 22:10:00: To place:30

[Info   : Unity Log] 10/12/2021 22:10:00: Placed 9 rooms

[Info   : Unity Log] 10/12/2021 22:10:00: Placed locations in zone -9,2  duration 111,3681 ms

[Info   : Unity Log] 10/12/2021 22:10:01: Placed locations in zone -9,4  duration 26,0649 ms

[Info   : Unity Log] 10/12/2021 22:10:01: Spawned Boar x 2

[Info   : Unity Log] 10/12/2021 22:10:01: Spawned Neck x 2

[Info   : Unity Log] 10/12/2021 22:10:01: Spawned Seagal x 1

[Info   : Unity Log] 10/12/2021 22:10:01: Spawned Greyling x 1

[Info   : Unity Log] 10/12/2021 22:10:01: Placed locations in zone -9,5  duration 0 ms

[Info   : Unity Log] 10/12/2021 22:10:13: Setting selected recipe 1

[Info   : Unity Log] 10/12/2021 22:10:13: UI Group status changed root = True

[Info   : Unity Log] 10/12/2021 22:10:13: UI Group status changed Player = True

[Info   : Unity Log] 10/12/2021 22:10:18: Drop item $item_wood

[Info   : Unity Log] 10/12/2021 22:10:18: drop all 10  10

[Info   : Unity Log] 10/12/2021 22:10:18: Setting selected recipe 1

[Info   : Unity Log] 10/12/2021 22:10:33: Disabling collider_block  blocker

[Info   : Unity Log] 10/12/2021 22:10:34: Disabling PlayerBase  character_trigger

[Info   : Unity Log] 10/12/2021 22:10:39: Placed piece_workbench

[Info   : Unity Log] 10/12/2021 22:10:39: Disabling PlayerBase  character_trigger

[Info   : Unity Log] 10/12/2021 22:10:42: Disabling PlayerBase  character_trigger

[Info   : Unity Log] 10/12/2021 22:10:48: Placed fire_pit

[Info   : Unity Log] 10/12/2021 22:10:48: Disabling PlayerBase  character_trigger

[Info   : Unity Log] 10/12/2021 22:10:48: Disabling PlayerBase  character_trigger

[Info   : Unity Log] 10/12/2021 22:11:45: Spawned Deer x 2

[Info   : Unity Log] 10/12/2021 22:11:49: Disabling PlayerBase  character_trigger

[Info   : Unity Log] 10/12/2021 22:11:53: Placed wood_floor

[Info   : Unity Log] 10/12/2021 22:11:54: Placed wood_floor

[Info   : Unity Log] 10/12/2021 22:11:55: Placed wood_floor

[Info   : Unity Log] 10/12/2021 22:11:56: Placed wood_floor

[Info   : Unity Log] 10/12/2021 22:11:58: Placed wood_floor

[Info   : Unity Log] 10/12/2021 22:11:59: Placed wood_floor

[Info   : Unity Log] 10/12/2021 22:12:00: Placed wood_floor

[Info   : Unity Log] 10/12/2021 22:12:14: Placed wood_door

[Info   : Unity Log] 10/12/2021 22:12:25: Placed wood_roof

[Info   : Unity Log] 10/12/2021 22:12:28: Setting selected recipe 3

[Info   : Unity Log] 10/12/2021 22:12:28: UI Group status changed root = True

[Info   : Unity Log] 10/12/2021 22:12:28: UI Group status changed Player = True

[Info   : Unity Log] 10/12/2021 22:12:35: Placed wood_roof

[Info   : Unity Log] 10/12/2021 22:12:37: Placed wood_roof

[Info   : Unity Log] 10/12/2021 22:12:45: Placed wood_roof_top_45

[Info   : Unity Log] 10/12/2021 22:13:11: Placed wood_roof_top

[Info   : Unity Log] 10/12/2021 22:13:14: Placed wood_roof_top

[Info   : Unity Log] 10/12/2021 22:13:24: Placed wood_roof_top

[Info   : Unity Log] 10/12/2021 22:13:29: Spawned Deer x 1

[Info   : Unity Log] 10/12/2021 22:13:54: Placed wood_roof_45

[Info   : Unity Log] 10/12/2021 22:14:02: Placed wood_roof

[Info   : Unity Log] 10/12/2021 22:14:20: Setting selected recipe 3

[Info   : Unity Log] 10/12/2021 22:14:20: UI Group status changed root = True

[Info   : Unity Log] 10/12/2021 22:14:20: UI Group status changed Player = True

[Info   : Unity Log] 10/12/2021 22:14:22: Setting selected recipe 2

[Info   : Unity Log] 10/12/2021 22:14:22: Setting selected recipe 1

[Info   : Unity Log] 10/12/2021 22:14:23: Setting selected recipe 2

[Info   : Unity Log] 10/12/2021 22:14:23: Setting selected recipe 1

[Info   : Unity Log] 10/12/2021 22:14:24: Setting selected recipe 2

[Info   : Unity Log] 10/12/2021 22:14:25: Setting selected recipe 1

[Info   : Unity Log] 10/12/2021 22:14:32: Setting selected recipe 1

[Info   : Unity Log] 10/12/2021 22:14:35: Added to stack16 0

[Info   : Unity Log] 10/12/2021 22:14:35: Setting selected recipe 1

[Info   : Unity Log] 10/12/2021 22:14:38: Setting selected recipe 6

[Info   : Unity Log] 10/12/2021 22:14:39: Setting selected recipe 7

[Info   : Unity Log] 10/12/2021 22:14:42: Setting selected recipe 0

[Info   : Unity Log] 10/12/2021 22:14:44: Setting selected recipe 3

[Info   : Unity Log] 10/12/2021 22:14:49: Setting selected recipe 0

[Info   : Unity Log] 10/12/2021 22:14:50: Setting selected recipe 1

[Info   : Unity Log] 10/12/2021 22:14:59: Setting selected recipe 7

[Info   : Unity Log] 10/12/2021 22:15:01: Queue unlock msg:$msg_newitem:$item_spear_flint

[Info   : Unity Log] 10/12/2021 22:15:01: Setting selected recipe 13

[Info   : Unity Log] 10/12/2021 22:15:04: Setting selected recipe 2

[Info   : Unity Log] 10/12/2021 22:15:05: Setting selected recipe 1

[Info   : Unity Log] 10/12/2021 22:15:09: Queue unlock msg:$msg_newitem:$item_axe_flint

[Info   : Unity Log] 10/12/2021 22:15:09: Setting selected recipe 8

[Info   : Unity Log] 10/12/2021 22:15:12: Setting selected recipe 0

[Info   : Unity Log] 10/12/2021 22:15:13: Setting selected recipe 0

[Info   : Unity Log] 10/12/2021 22:15:16: Setting selected recipe 0

[Info   : Unity Log] 10/12/2021 22:15:19: Item is not in this container

[Info   : Unity Log] 10/12/2021 22:15:19: Setting selected recipe 0

[Info   : Unity Log] 10/12/2021 22:15:25: Setting selected recipe 0

[Info   : Unity Log] 10/12/2021 22:15:26: Setting selected recipe 0

[Info   : Unity Log] 10/12/2021 22:15:27: Added to stack49 0

[Info   : Unity Log] 10/12/2021 22:15:27: Setting selected recipe 0

[Info   : Unity Log] 10/12/2021 22:15:29: Setting selected recipe 0

[Info   : Unity Log] 10/12/2021 22:15:30: Setting selected recipe 0

[Info   : Unity Log] 10/12/2021 22:15:31: Setting selected recipe 0

[Info   : Unity Log] 10/12/2021 22:15:32: Setting selected recipe 0

[Info   : Unity Log] 10/12/2021 22:15:33: Setting selected recipe 0

[Info   : Unity Log] 10/12/2021 22:15:34: Setting selected recipe 0

[Info   : Unity Log] 10/12/2021 22:15:35: Setting selected recipe 0

[Info   : Unity Log] 10/12/2021 22:15:36: Setting selected recipe 0

[Info   : Unity Log] 10/12/2021 22:15:43: Setting selected recipe 0

[Info   : Unity Log] 10/12/2021 22:15:43: UI Group status changed root = True

[Info   : Unity Log] 10/12/2021 22:15:43: UI Group status changed Player = True

[Info   : Unity Log] 10/12/2021 22:15:54: Setting selected recipe 0

[Info   : Unity Log] 10/12/2021 22:15:54: UI Group status changed root = True

[Info   : Unity Log] 10/12/2021 22:15:54: UI Group status changed Player = True

[Info   : Unity Log] 10/12/2021 22:15:57: Setting selected recipe 0

[Info   : Unity Log] 10/12/2021 22:15:57: UI Group status changed root = True

[Info   : Unity Log] 10/12/2021 22:15:57: UI Group status changed Player = True

[Info   : Unity Log] 10/12/2021 22:16:00: Disabling PlayerBase  character_trigger

[Info   : Unity Log] 10/12/2021 22:16:01: Disabling collider_block  blocker

[Info   : Unity Log] 10/12/2021 22:16:03: Placed piece_cookingstation

[Info   : Unity Log] 10/12/2021 22:16:03: Disabling collider_block  blocker

[Info   : Unity Log] 10/12/2021 22:16:13: Setting selected recipe 0

[Info   : Unity Log] 10/12/2021 22:16:13: UI Group status changed root = True

[Info   : Unity Log] 10/12/2021 22:16:13: UI Group status changed Player = True

[Info   : Unity Log] 10/12/2021 22:18:00: Queue unlock msg:$msg_newmaterial:$item_coal

[Info   : Unity Log] 10/12/2021 22:18:00: Queue unlock msg:$msg_newpiece:$piece_coalpile

[Info   : Unity Log] 10/12/2021 22:18:00: Queue unlock msg:$msg_newpiece:$piece_sign

[Info   : Unity Log] 10/12/2021 22:18:02: Setting selected recipe 0

[Info   : Unity Log] 10/12/2021 22:18:02: UI Group status changed root = True

[Info   : Unity Log] 10/12/2021 22:18:02: UI Group status changed Player = True

[Info   : Unity Log] 10/12/2021 22:18:09: Setting selected recipe 0

[Info   : Unity Log] 10/12/2021 22:18:09: UI Group status changed root = True

[Info   : Unity Log] 10/12/2021 22:18:09: UI Group status changed Player = True

[Info   : Unity Log] 10/12/2021 22:18:12: Setting selected recipe 1

[Info   : Unity Log] 10/12/2021 22:18:12: UI Group status changed root = True

[Info   : Unity Log] 10/12/2021 22:18:12: UI Group status changed Player = True

[Info   : Unity Log] 10/12/2021 22:18:16: Setting selected recipe 0

[Info   : Unity Log] 10/12/2021 22:18:16: UI Group status changed root = True

[Info   : Unity Log] 10/12/2021 22:18:16: UI Group status changed Player = True

[Info   : Unity Log] 10/12/2021 22:18:43: Setting selected recipe 0

[Info   : Unity Log] 10/12/2021 22:18:43: UI Group status changed root = True

[Info   : Unity Log] 10/12/2021 22:18:43: UI Group status changed Player = True

[Info   : Unity Log] 10/12/2021 22:19:43: Disabling collider_block  blocker

[Info   : Unity Log] 10/12/2021 22:28:22: Uncompressed size 8388617

[Info   : Unity Log] 10/12/2021 22:28:22: Compressed size 8429

[Info   : Unity Log] 10/12/2021 22:28:22: clone 50

[Info   : Unity Log] 10/12/2021 22:28:56: Setting selected recipe 1

[Info   : Unity Log] 10/12/2021 22:28:56: UI Group status changed root = True

[Info   : Unity Log] 10/12/2021 22:28:56: UI Group status changed Player = True

[Info   : Unity Log] 10/12/2021 22:29:06: UI Group status changed MenuRoot = True

[Info   : Unity Log] 10/12/2021 22:29:07: FOund selected Close

[Info   : Unity Log] 10/12/2021 22:29:08: UI Group status changed MenuRoot = True

[Info   : Unity Log] 10/12/2021 22:29:09: UI Group status changed MenuRoot = False

[Info   : Unity Log] 10/12/2021 22:29:09: Game - OnApplicationQuit

[Info   : Unity Log] 10/12/2021 22:29:09: Shuting down

[Info   : Unity Log] 10/12/2021 22:29:09: Uncompressed size 8388617

[Info   : Unity Log] 10/12/2021 22:29:09: Compressed size 8429

[Info   : Unity Log] 10/12/2021 22:29:10: ZNet Shutdown

[Info   : Unity Log] 10/12/2021 22:29:10: clone 33

[Info   : Unity Log] 10/12/2021 22:29:10: Sending disconnect msg

